2024-03-25 03:43:37.964  INFO 188990 --- [SpringApplicationShutdownHook] e.d.e.t.s.r.InMemoryUserRepository       : user count:12
2024-03-25 03:44:14.062  INFO 190805 --- [main] edu.duke.ece651.team1.server.App         : Starting App using Java 17.0.10 on vcm-37154.vm.duke.edu with PID 190805 (/home/ht175/project-team-1/server/build/classes/java/main started by ht175 in /home/ht175/project-team-1/server)
2024-03-25 03:44:14.066  INFO 190805 --- [main] edu.duke.ece651.team1.server.App         : No active profile set, falling back to 1 default profile: "default"
2024-03-25 03:44:14.806  INFO 190805 --- [main] o.s.b.w.embedded.tomcat.TomcatWebServer  : Tomcat initialized with port(s): 8080 (http)
2024-03-25 03:44:14.814  INFO 190805 --- [main] o.apache.catalina.core.StandardService   : Starting service [Tomcat]
2024-03-25 03:44:14.815  INFO 190805 --- [main] org.apache.catalina.core.StandardEngine  : Starting Servlet engine: [Apache Tomcat/9.0.73]
2024-03-25 03:44:14.919  INFO 190805 --- [main] o.a.c.c.C.[Tomcat].[localhost].[/]       : Initializing Spring embedded WebApplicationContext
2024-03-25 03:44:14.919  INFO 190805 --- [main] w.s.c.ServletWebServerApplicationContext : Root WebApplicationContext: initialization completed in 795 ms
2024-03-25 03:44:15.317  INFO 190805 --- [main] e.d.e.t.s.r.InMemoryUserRepository       : hi restore user begin
2024-03-25 03:44:15.330  INFO 190805 --- [main] e.d.e.t.s.r.InMemoryUserRepository       : hi restore user: abcdf
2024-03-25 03:44:15.331  INFO 190805 --- [main] e.d.e.t.s.r.InMemoryUserRepository       : hi restore user: a
2024-03-25 03:44:15.331  INFO 190805 --- [main] e.d.e.t.s.r.InMemoryUserRepository       : hi restore user: ab
2024-03-25 03:44:15.331  INFO 190805 --- [main] e.d.e.t.s.r.InMemoryUserRepository       : hi restore user: b
2024-03-25 03:44:15.331  INFO 190805 --- [main] e.d.e.t.s.r.InMemoryUserRepository       : hi restore user: c
2024-03-25 03:44:15.331  INFO 190805 --- [main] e.d.e.t.s.r.InMemoryUserRepository       : hi restore user: abc
2024-03-25 03:44:15.331  INFO 190805 --- [main] e.d.e.t.s.r.InMemoryUserRepository       : hi restore user: duke
2024-03-25 03:44:15.331  INFO 190805 --- [main] e.d.e.t.s.r.InMemoryUserRepository       : hi restore user: yitiao,hi
2024-03-25 03:44:15.331  INFO 190805 --- [main] e.d.e.t.s.r.InMemoryUserRepository       : hi restore user: amzon
2024-03-25 03:44:15.331  INFO 190805 --- [main] e.d.e.t.s.r.InMemoryUserRepository       : hi restore user: main
2024-03-25 03:44:15.332  INFO 190805 --- [main] e.d.e.t.s.r.InMemoryUserRepository       : hi restore user: yitiao
2024-03-25 03:44:15.332  INFO 190805 --- [main] e.d.e.t.s.r.InMemoryUserRepository       : hi restore user: huidan
2024-03-25 03:44:15.335  INFO 190805 --- [main] e.d.e.t.s.controller.SecurityController  : add notification successful
2024-03-25 03:44:15.441 DEBUG 190805 --- [main] edFilterInvocationSecurityMetadataSource : Adding web access control expression [permitAll] for ExactUrl [processUrl='/api/login']
2024-03-25 03:44:15.452 DEBUG 190805 --- [main] edFilterInvocationSecurityMetadataSource : Adding web access control expression [permitAll] for ExactUrl [processUrl='/login']
2024-03-25 03:44:15.453 DEBUG 190805 --- [main] edFilterInvocationSecurityMetadataSource : Adding web access control expression [permitAll] for Ant [pattern='/']
2024-03-25 03:44:15.457 DEBUG 190805 --- [main] edFilterInvocationSecurityMetadataSource : Adding web access control expression [permitAll] for Ant [pattern='/api/signup']
2024-03-25 03:44:15.458 DEBUG 190805 --- [main] edFilterInvocationSecurityMetadataSource : Adding web access control expression [hasRole('ROLE_ADMIN')] for Ant [pattern='/admin/**']
2024-03-25 03:44:15.459 DEBUG 190805 --- [main] edFilterInvocationSecurityMetadataSource : Adding web access control expression [authenticated] for any request
2024-03-25 03:44:15.465  INFO 190805 --- [main] o.s.s.web.DefaultSecurityFilterChain     : Will secure any request with [org.springframework.security.web.session.DisableEncodeUrlFilter@6ca372ef, org.springframework.security.web.context.request.async.WebAsyncManagerIntegrationFilter@3ebe4ccc, org.springframework.security.web.context.SecurityContextPersistenceFilter@63cd2cd2, org.springframework.security.web.header.HeaderWriterFilter@54067fdc, org.springframework.security.web.authentication.logout.LogoutFilter@59b65dce, org.springframework.security.web.authentication.UsernamePasswordAuthenticationFilter@59fbb34, org.springframework.security.web.authentication.ui.DefaultLoginPageGeneratingFilter@5a02bfe3, org.springframework.security.web.authentication.ui.DefaultLogoutPageGeneratingFilter@6ed043d3, org.springframework.security.web.savedrequest.RequestCacheAwareFilter@6deee370, org.springframework.security.web.servletapi.SecurityContextHolderAwareRequestFilter@49c17ba4, org.springframework.security.web.authentication.AnonymousAuthenticationFilter@135a8c6f, org.springframework.security.web.session.SessionManagementFilter@43aeb5e0, org.springframework.security.web.access.ExceptionTranslationFilter@795f5d51, org.springframework.security.web.access.intercept.FilterSecurityInterceptor@5a034157]
2024-03-25 03:44:15.814  INFO 190805 --- [main] o.s.b.w.embedded.tomcat.TomcatWebServer  : Tomcat started on port(s): 8080 (http) with context path ''
2024-03-25 03:44:15.829  INFO 190805 --- [main] edu.duke.ece651.team1.server.App         : Started App in 2.234 seconds (JVM running for 2.62)
2024-03-25 03:44:27.542  INFO 190805 --- [http-nio-8080-exec-1] o.a.c.c.C.[Tomcat].[localhost].[/]       : Initializing Spring DispatcherServlet 'dispatcherServlet'
2024-03-25 03:44:27.542  INFO 190805 --- [http-nio-8080-exec-1] o.s.web.servlet.DispatcherServlet        : Initializing Servlet 'dispatcherServlet'
2024-03-25 03:44:27.543  INFO 190805 --- [http-nio-8080-exec-1] o.s.web.servlet.DispatcherServlet        : Completed initialization in 1 ms
2024-03-25 03:44:27.550 DEBUG 190805 --- [http-nio-8080-exec-1] o.s.security.web.FilterChainProxy        : Securing POST /api/login
2024-03-25 03:44:27.554 DEBUG 190805 --- [http-nio-8080-exec-1] s.s.w.c.SecurityContextPersistenceFilter : Set SecurityContextHolder to empty SecurityContext
2024-03-25 03:44:27.731 DEBUG 190805 --- [http-nio-8080-exec-1] o.s.s.a.dao.DaoAuthenticationProvider    : Authenticated user
2024-03-25 03:44:27.733 DEBUG 190805 --- [http-nio-8080-exec-1] w.a.UsernamePasswordAuthenticationFilter : Set SecurityContextHolder to UsernamePasswordAuthenticationToken [Principal=org.springframework.security.core.userdetails.User [Username=duke, Password=[PROTECTED], Enabled=true, AccountNonExpired=true, credentialsNonExpired=true, AccountNonLocked=true, Granted Authorities=[ROLE_USER]], Credentials=[PROTECTED], Authenticated=true, Details=WebAuthenticationDetails [RemoteIpAddress=152.3.56.7, SessionId=null], Granted Authorities=[ROLE_USER]]
2024-03-25 03:44:27.743 DEBUG 190805 --- [http-nio-8080-exec-1] w.c.HttpSessionSecurityContextRepository : Created HttpSession as SecurityContext is non-default
2024-03-25 03:44:27.743 DEBUG 190805 --- [http-nio-8080-exec-1] w.c.HttpSessionSecurityContextRepository : Stored SecurityContextImpl [Authentication=UsernamePasswordAuthenticationToken [Principal=org.springframework.security.core.userdetails.User [Username=duke, Password=[PROTECTED], Enabled=true, AccountNonExpired=true, credentialsNonExpired=true, AccountNonLocked=true, Granted Authorities=[ROLE_USER]], Credentials=[PROTECTED], Authenticated=true, Details=WebAuthenticationDetails [RemoteIpAddress=152.3.56.7, SessionId=null], Granted Authorities=[ROLE_USER]]] to HttpSession [org.apache.catalina.session.StandardSessionFacade@7aadd348]
2024-03-25 03:44:27.743 DEBUG 190805 --- [http-nio-8080-exec-1] s.s.w.c.SecurityContextPersistenceFilter : Cleared SecurityContextHolder to complete request
2024-03-25 03:44:31.433 DEBUG 190805 --- [http-nio-8080-exec-2] o.s.security.web.FilterChainProxy        : Securing GET /api/attendance/record-dates
2024-03-25 03:44:31.434 DEBUG 190805 --- [http-nio-8080-exec-2] w.c.HttpSessionSecurityContextRepository : Retrieved SecurityContextImpl [Authentication=UsernamePasswordAuthenticationToken [Principal=org.springframework.security.core.userdetails.User [Username=duke, Password=[PROTECTED], Enabled=true, AccountNonExpired=true, credentialsNonExpired=true, AccountNonLocked=true, Granted Authorities=[ROLE_USER]], Credentials=[PROTECTED], Authenticated=true, Details=WebAuthenticationDetails [RemoteIpAddress=152.3.56.7, SessionId=null], Granted Authorities=[ROLE_USER]]]
2024-03-25 03:44:31.434 DEBUG 190805 --- [http-nio-8080-exec-2] s.s.w.c.SecurityContextPersistenceFilter : Set SecurityContextHolder to SecurityContextImpl [Authentication=UsernamePasswordAuthenticationToken [Principal=org.springframework.security.core.userdetails.User [Username=duke, Password=[PROTECTED], Enabled=true, AccountNonExpired=true, credentialsNonExpired=true, AccountNonLocked=true, Granted Authorities=[ROLE_USER]], Credentials=[PROTECTED], Authenticated=true, Details=WebAuthenticationDetails [RemoteIpAddress=152.3.56.7, SessionId=null], Granted Authorities=[ROLE_USER]]]
2024-03-25 03:44:31.440 DEBUG 190805 --- [http-nio-8080-exec-2] o.s.s.w.a.i.FilterSecurityInterceptor    : Authorized filter invocation [GET /api/attendance/record-dates] with attributes [authenticated]
2024-03-25 03:44:31.440 DEBUG 190805 --- [http-nio-8080-exec-2] o.s.security.web.FilterChainProxy        : Secured GET /api/attendance/record-dates
2024-03-25 03:44:31.474 DEBUG 190805 --- [http-nio-8080-exec-2] s.s.w.c.SecurityContextPersistenceFilter : Cleared SecurityContextHolder to complete request
2024-03-25 03:44:33.418 DEBUG 190805 --- [http-nio-8080-exec-3] o.s.security.web.FilterChainProxy        : Securing GET /api/attendance/record/2024-03-21
2024-03-25 03:44:33.419 DEBUG 190805 --- [http-nio-8080-exec-3] w.c.HttpSessionSecurityContextRepository : Retrieved SecurityContextImpl [Authentication=UsernamePasswordAuthenticationToken [Principal=org.springframework.security.core.userdetails.User [Username=duke, Password=[PROTECTED], Enabled=true, AccountNonExpired=true, credentialsNonExpired=true, AccountNonLocked=true, Granted Authorities=[ROLE_USER]], Credentials=[PROTECTED], Authenticated=true, Details=WebAuthenticationDetails [RemoteIpAddress=152.3.56.7, SessionId=null], Granted Authorities=[ROLE_USER]]]
2024-03-25 03:44:33.419 DEBUG 190805 --- [http-nio-8080-exec-3] s.s.w.c.SecurityContextPersistenceFilter : Set SecurityContextHolder to SecurityContextImpl [Authentication=UsernamePasswordAuthenticationToken [Principal=org.springframework.security.core.userdetails.User [Username=duke, Password=[PROTECTED], Enabled=true, AccountNonExpired=true, credentialsNonExpired=true, AccountNonLocked=true, Granted Authorities=[ROLE_USER]], Credentials=[PROTECTED], Authenticated=true, Details=WebAuthenticationDetails [RemoteIpAddress=152.3.56.7, SessionId=null], Granted Authorities=[ROLE_USER]]]
2024-03-25 03:44:33.419 DEBUG 190805 --- [http-nio-8080-exec-3] o.s.s.w.a.i.FilterSecurityInterceptor    : Authorized filter invocation [GET /api/attendance/record/2024-03-21] with attributes [authenticated]
2024-03-25 03:44:33.420 DEBUG 190805 --- [http-nio-8080-exec-3] o.s.security.web.FilterChainProxy        : Secured GET /api/attendance/record/2024-03-21
2024-03-25 03:44:33.438 DEBUG 190805 --- [http-nio-8080-exec-3] s.s.w.c.SecurityContextPersistenceFilter : Cleared SecurityContextHolder to complete request
2024-03-25 03:44:40.420 DEBUG 190805 --- [http-nio-8080-exec-4] o.s.security.web.FilterChainProxy        : Securing POST /api/attendance/modification/2024-03-21
2024-03-25 03:44:40.420 DEBUG 190805 --- [http-nio-8080-exec-4] w.c.HttpSessionSecurityContextRepository : Retrieved SecurityContextImpl [Authentication=UsernamePasswordAuthenticationToken [Principal=org.springframework.security.core.userdetails.User [Username=duke, Password=[PROTECTED], Enabled=true, AccountNonExpired=true, credentialsNonExpired=true, AccountNonLocked=true, Granted Authorities=[ROLE_USER]], Credentials=[PROTECTED], Authenticated=true, Details=WebAuthenticationDetails [RemoteIpAddress=152.3.56.7, SessionId=null], Granted Authorities=[ROLE_USER]]]
2024-03-25 03:44:40.420 DEBUG 190805 --- [http-nio-8080-exec-4] s.s.w.c.SecurityContextPersistenceFilter : Set SecurityContextHolder to SecurityContextImpl [Authentication=UsernamePasswordAuthenticationToken [Principal=org.springframework.security.core.userdetails.User [Username=duke, Password=[PROTECTED], Enabled=true, AccountNonExpired=true, credentialsNonExpired=true, AccountNonLocked=true, Granted Authorities=[ROLE_USER]], Credentials=[PROTECTED], Authenticated=true, Details=WebAuthenticationDetails [RemoteIpAddress=152.3.56.7, SessionId=null], Granted Authorities=[ROLE_USER]]]
2024-03-25 03:44:40.421 DEBUG 190805 --- [http-nio-8080-exec-4] o.s.s.w.a.i.FilterSecurityInterceptor    : Authorized filter invocation [POST /api/attendance/modification/2024-03-21] with attributes [authenticated]
2024-03-25 03:44:40.421 DEBUG 190805 --- [http-nio-8080-exec-4] o.s.security.web.FilterChainProxy        : Secured POST /api/attendance/modification/2024-03-21
2024-03-25 03:44:40.427  INFO 190805 --- [http-nio-8080-exec-4] e.d.e.t.s.controller.SecurityController  : modify begin
2024-03-25 03:44:40.432 DEBUG 190805 --- [http-nio-8080-exec-4] s.s.w.c.SecurityContextPersistenceFilter : Cleared SecurityContextHolder to complete request
2024-03-25 03:45:58.425  INFO 190805 --- [SpringApplicationShutdownHook] e.d.e.t.s.r.InMemoryUserRepository       : user count:12
2024-03-25 03:46:02.165  INFO 192422 --- [main] edu.duke.ece651.team1.server.App         : Starting App using Java 17.0.10 on vcm-37154.vm.duke.edu with PID 192422 (/home/ht175/project-team-1/server/build/classes/java/main started by ht175 in /home/ht175/project-team-1/server)
2024-03-25 03:46:02.167  INFO 192422 --- [main] edu.duke.ece651.team1.server.App         : No active profile set, falling back to 1 default profile: "default"
2024-03-25 03:46:03.082  INFO 192422 --- [main] o.s.b.w.embedded.tomcat.TomcatWebServer  : Tomcat initialized with port(s): 8080 (http)
2024-03-25 03:46:03.101  INFO 192422 --- [main] o.apache.catalina.core.StandardService   : Starting service [Tomcat]
2024-03-25 03:46:03.102  INFO 192422 --- [main] org.apache.catalina.core.StandardEngine  : Starting Servlet engine: [Apache Tomcat/9.0.73]
2024-03-25 03:46:03.256  INFO 192422 --- [main] o.a.c.c.C.[Tomcat].[localhost].[/]       : Initializing Spring embedded WebApplicationContext
2024-03-25 03:46:03.257  INFO 192422 --- [main] w.s.c.ServletWebServerApplicationContext : Root WebApplicationContext: initialization completed in 1039 ms
2024-03-25 03:46:03.816  INFO 192422 --- [main] e.d.e.t.s.r.InMemoryUserRepository       : hi restore user begin
2024-03-25 03:46:03.844  INFO 192422 --- [main] e.d.e.t.s.r.InMemoryUserRepository       : hi restore user: abcdf
2024-03-25 03:46:03.845  INFO 192422 --- [main] e.d.e.t.s.r.InMemoryUserRepository       : hi restore user: a
2024-03-25 03:46:03.845  INFO 192422 --- [main] e.d.e.t.s.r.InMemoryUserRepository       : hi restore user: ab
2024-03-25 03:46:03.845  INFO 192422 --- [main] e.d.e.t.s.r.InMemoryUserRepository       : hi restore user: b
2024-03-25 03:46:03.845  INFO 192422 --- [main] e.d.e.t.s.r.InMemoryUserRepository       : hi restore user: c
2024-03-25 03:46:03.845  INFO 192422 --- [main] e.d.e.t.s.r.InMemoryUserRepository       : hi restore user: abc
2024-03-25 03:46:03.845  INFO 192422 --- [main] e.d.e.t.s.r.InMemoryUserRepository       : hi restore user: duke
2024-03-25 03:46:03.845  INFO 192422 --- [main] e.d.e.t.s.r.InMemoryUserRepository       : hi restore user: yitiao,hi
2024-03-25 03:46:03.846  INFO 192422 --- [main] e.d.e.t.s.r.InMemoryUserRepository       : hi restore user: amzon
2024-03-25 03:46:03.847  INFO 192422 --- [main] e.d.e.t.s.r.InMemoryUserRepository       : hi restore user: main
2024-03-25 03:46:03.847  INFO 192422 --- [main] e.d.e.t.s.r.InMemoryUserRepository       : hi restore user: yitiao
2024-03-25 03:46:03.847  INFO 192422 --- [main] e.d.e.t.s.r.InMemoryUserRepository       : hi restore user: huidan
2024-03-25 03:46:03.851  INFO 192422 --- [main] e.d.e.t.s.controller.SecurityController  : add notification successful
2024-03-25 03:46:04.024 DEBUG 192422 --- [main] edFilterInvocationSecurityMetadataSource : Adding web access control expression [permitAll] for ExactUrl [processUrl='/api/login']
2024-03-25 03:46:04.038 DEBUG 192422 --- [main] edFilterInvocationSecurityMetadataSource : Adding web access control expression [permitAll] for ExactUrl [processUrl='/login']
2024-03-25 03:46:04.039 DEBUG 192422 --- [main] edFilterInvocationSecurityMetadataSource : Adding web access control expression [permitAll] for Ant [pattern='/']
2024-03-25 03:46:04.039 DEBUG 192422 --- [main] edFilterInvocationSecurityMetadataSource : Adding web access control expression [permitAll] for Ant [pattern='/api/signup']
2024-03-25 03:46:04.039 DEBUG 192422 --- [main] edFilterInvocationSecurityMetadataSource : Adding web access control expression [hasRole('ROLE_ADMIN')] for Ant [pattern='/admin/**']
2024-03-25 03:46:04.040 DEBUG 192422 --- [main] edFilterInvocationSecurityMetadataSource : Adding web access control expression [authenticated] for any request
2024-03-25 03:46:04.046  INFO 192422 --- [main] o.s.s.web.DefaultSecurityFilterChain     : Will secure any request with [org.springframework.security.web.session.DisableEncodeUrlFilter@3ebe4ccc, org.springframework.security.web.context.request.async.WebAsyncManagerIntegrationFilter@6ed043d3, org.springframework.security.web.context.SecurityContextPersistenceFilter@557a84fe, org.springframework.security.web.header.HeaderWriterFilter@4098dd77, org.springframework.security.web.authentication.logout.LogoutFilter@1386313f, org.springframework.security.web.authentication.UsernamePasswordAuthenticationFilter@1b6924cb, org.springframework.security.web.authentication.ui.DefaultLoginPageGeneratingFilter@7a3e5cd3, org.springframework.security.web.authentication.ui.DefaultLogoutPageGeneratingFilter@135a8c6f, org.springframework.security.web.savedrequest.RequestCacheAwareFilter@49c17ba4, org.springframework.security.web.servletapi.SecurityContextHolderAwareRequestFilter@43e065f2, org.springframework.security.web.authentication.AnonymousAuthenticationFilter@6419a0e1, org.springframework.security.web.session.SessionManagementFilter@2274160, org.springframework.security.web.access.ExceptionTranslationFilter@34aeacd1, org.springframework.security.web.access.intercept.FilterSecurityInterceptor@2f4ba1ae]
2024-03-25 03:46:04.694  INFO 192422 --- [main] o.s.b.w.embedded.tomcat.TomcatWebServer  : Tomcat started on port(s): 8080 (http) with context path ''
2024-03-25 03:46:04.718  INFO 192422 --- [main] edu.duke.ece651.team1.server.App         : Started App in 2.848 seconds (JVM running for 3.095)
2024-03-25 03:46:11.737  INFO 192422 --- [http-nio-8080-exec-1] o.a.c.c.C.[Tomcat].[localhost].[/]       : Initializing Spring DispatcherServlet 'dispatcherServlet'
2024-03-25 03:46:11.738  INFO 192422 --- [http-nio-8080-exec-1] o.s.web.servlet.DispatcherServlet        : Initializing Servlet 'dispatcherServlet'
2024-03-25 03:46:11.739  INFO 192422 --- [http-nio-8080-exec-1] o.s.web.servlet.DispatcherServlet        : Completed initialization in 1 ms
2024-03-25 03:46:11.745 DEBUG 192422 --- [http-nio-8080-exec-1] o.s.security.web.FilterChainProxy        : Securing POST /api/login
2024-03-25 03:46:11.748 DEBUG 192422 --- [http-nio-8080-exec-1] s.s.w.c.SecurityContextPersistenceFilter : Set SecurityContextHolder to empty SecurityContext
2024-03-25 03:46:11.919 DEBUG 192422 --- [http-nio-8080-exec-1] o.s.s.a.dao.DaoAuthenticationProvider    : Authenticated user
2024-03-25 03:46:11.921 DEBUG 192422 --- [http-nio-8080-exec-1] w.a.UsernamePasswordAuthenticationFilter : Set SecurityContextHolder to UsernamePasswordAuthenticationToken [Principal=org.springframework.security.core.userdetails.User [Username=duke, Password=[PROTECTED], Enabled=true, AccountNonExpired=true, credentialsNonExpired=true, AccountNonLocked=true, Granted Authorities=[ROLE_USER]], Credentials=[PROTECTED], Authenticated=true, Details=WebAuthenticationDetails [RemoteIpAddress=152.3.56.7, SessionId=null], Granted Authorities=[ROLE_USER]]
2024-03-25 03:46:11.930 DEBUG 192422 --- [http-nio-8080-exec-1] w.c.HttpSessionSecurityContextRepository : Created HttpSession as SecurityContext is non-default
2024-03-25 03:46:11.931 DEBUG 192422 --- [http-nio-8080-exec-1] w.c.HttpSessionSecurityContextRepository : Stored SecurityContextImpl [Authentication=UsernamePasswordAuthenticationToken [Principal=org.springframework.security.core.userdetails.User [Username=duke, Password=[PROTECTED], Enabled=true, AccountNonExpired=true, credentialsNonExpired=true, AccountNonLocked=true, Granted Authorities=[ROLE_USER]], Credentials=[PROTECTED], Authenticated=true, Details=WebAuthenticationDetails [RemoteIpAddress=152.3.56.7, SessionId=null], Granted Authorities=[ROLE_USER]]] to HttpSession [org.apache.catalina.session.StandardSessionFacade@159f1eb2]
2024-03-25 03:46:11.931 DEBUG 192422 --- [http-nio-8080-exec-1] s.s.w.c.SecurityContextPersistenceFilter : Cleared SecurityContextHolder to complete request
2024-03-25 03:46:15.612 DEBUG 192422 --- [http-nio-8080-exec-2] o.s.security.web.FilterChainProxy        : Securing GET /api/attendance/record-dates
2024-03-25 03:46:15.613 DEBUG 192422 --- [http-nio-8080-exec-2] w.c.HttpSessionSecurityContextRepository : Retrieved SecurityContextImpl [Authentication=UsernamePasswordAuthenticationToken [Principal=org.springframework.security.core.userdetails.User [Username=duke, Password=[PROTECTED], Enabled=true, AccountNonExpired=true, credentialsNonExpired=true, AccountNonLocked=true, Granted Authorities=[ROLE_USER]], Credentials=[PROTECTED], Authenticated=true, Details=WebAuthenticationDetails [RemoteIpAddress=152.3.56.7, SessionId=null], Granted Authorities=[ROLE_USER]]]
2024-03-25 03:46:15.613 DEBUG 192422 --- [http-nio-8080-exec-2] s.s.w.c.SecurityContextPersistenceFilter : Set SecurityContextHolder to SecurityContextImpl [Authentication=UsernamePasswordAuthenticationToken [Principal=org.springframework.security.core.userdetails.User [Username=duke, Password=[PROTECTED], Enabled=true, AccountNonExpired=true, credentialsNonExpired=true, AccountNonLocked=true, Granted Authorities=[ROLE_USER]], Credentials=[PROTECTED], Authenticated=true, Details=WebAuthenticationDetails [RemoteIpAddress=152.3.56.7, SessionId=null], Granted Authorities=[ROLE_USER]]]
2024-03-25 03:46:15.619 DEBUG 192422 --- [http-nio-8080-exec-2] o.s.s.w.a.i.FilterSecurityInterceptor    : Authorized filter invocation [GET /api/attendance/record-dates] with attributes [authenticated]
2024-03-25 03:46:15.620 DEBUG 192422 --- [http-nio-8080-exec-2] o.s.security.web.FilterChainProxy        : Secured GET /api/attendance/record-dates
2024-03-25 03:46:15.658 DEBUG 192422 --- [http-nio-8080-exec-2] s.s.w.c.SecurityContextPersistenceFilter : Cleared SecurityContextHolder to complete request
2024-03-25 03:46:17.599 DEBUG 192422 --- [http-nio-8080-exec-3] o.s.security.web.FilterChainProxy        : Securing GET /api/attendance/record/2024-03-18
2024-03-25 03:46:17.600 DEBUG 192422 --- [http-nio-8080-exec-3] w.c.HttpSessionSecurityContextRepository : Retrieved SecurityContextImpl [Authentication=UsernamePasswordAuthenticationToken [Principal=org.springframework.security.core.userdetails.User [Username=duke, Password=[PROTECTED], Enabled=true, AccountNonExpired=true, credentialsNonExpired=true, AccountNonLocked=true, Granted Authorities=[ROLE_USER]], Credentials=[PROTECTED], Authenticated=true, Details=WebAuthenticationDetails [RemoteIpAddress=152.3.56.7, SessionId=null], Granted Authorities=[ROLE_USER]]]
2024-03-25 03:46:17.600 DEBUG 192422 --- [http-nio-8080-exec-3] s.s.w.c.SecurityContextPersistenceFilter : Set SecurityContextHolder to SecurityContextImpl [Authentication=UsernamePasswordAuthenticationToken [Principal=org.springframework.security.core.userdetails.User [Username=duke, Password=[PROTECTED], Enabled=true, AccountNonExpired=true, credentialsNonExpired=true, AccountNonLocked=true, Granted Authorities=[ROLE_USER]], Credentials=[PROTECTED], Authenticated=true, Details=WebAuthenticationDetails [RemoteIpAddress=152.3.56.7, SessionId=null], Granted Authorities=[ROLE_USER]]]
2024-03-25 03:46:17.601 DEBUG 192422 --- [http-nio-8080-exec-3] o.s.s.w.a.i.FilterSecurityInterceptor    : Authorized filter invocation [GET /api/attendance/record/2024-03-18] with attributes [authenticated]
2024-03-25 03:46:17.601 DEBUG 192422 --- [http-nio-8080-exec-3] o.s.security.web.FilterChainProxy        : Secured GET /api/attendance/record/2024-03-18
2024-03-25 03:46:17.616 DEBUG 192422 --- [http-nio-8080-exec-3] s.s.w.c.SecurityContextPersistenceFilter : Cleared SecurityContextHolder to complete request
2024-03-25 03:46:22.602 DEBUG 192422 --- [http-nio-8080-exec-4] o.s.security.web.FilterChainProxy        : Securing POST /api/attendance/modification/2024-03-18
2024-03-25 03:46:22.602 DEBUG 192422 --- [http-nio-8080-exec-4] w.c.HttpSessionSecurityContextRepository : Retrieved SecurityContextImpl [Authentication=UsernamePasswordAuthenticationToken [Principal=org.springframework.security.core.userdetails.User [Username=duke, Password=[PROTECTED], Enabled=true, AccountNonExpired=true, credentialsNonExpired=true, AccountNonLocked=true, Granted Authorities=[ROLE_USER]], Credentials=[PROTECTED], Authenticated=true, Details=WebAuthenticationDetails [RemoteIpAddress=152.3.56.7, SessionId=null], Granted Authorities=[ROLE_USER]]]
2024-03-25 03:46:22.603 DEBUG 192422 --- [http-nio-8080-exec-4] s.s.w.c.SecurityContextPersistenceFilter : Set SecurityContextHolder to SecurityContextImpl [Authentication=UsernamePasswordAuthenticationToken [Principal=org.springframework.security.core.userdetails.User [Username=duke, Password=[PROTECTED], Enabled=true, AccountNonExpired=true, credentialsNonExpired=true, AccountNonLocked=true, Granted Authorities=[ROLE_USER]], Credentials=[PROTECTED], Authenticated=true, Details=WebAuthenticationDetails [RemoteIpAddress=152.3.56.7, SessionId=null], Granted Authorities=[ROLE_USER]]]
2024-03-25 03:46:22.603 DEBUG 192422 --- [http-nio-8080-exec-4] o.s.s.w.a.i.FilterSecurityInterceptor    : Authorized filter invocation [POST /api/attendance/modification/2024-03-18] with attributes [authenticated]
2024-03-25 03:46:22.603 DEBUG 192422 --- [http-nio-8080-exec-4] o.s.security.web.FilterChainProxy        : Secured POST /api/attendance/modification/2024-03-18
2024-03-25 03:46:22.611  INFO 192422 --- [http-nio-8080-exec-4] e.d.e.t.s.controller.SecurityController  : modify begin
2024-03-25 03:46:22.611  INFO 192422 --- [http-nio-8080-exec-4] e.d.e.t.s.controller.SecurityController  : modify inside
2024-03-25 03:46:22.616 DEBUG 192422 --- [http-nio-8080-exec-4] s.s.w.c.SecurityContextPersistenceFilter : Cleared SecurityContextHolder to complete request
2024-03-25 03:49:47.406  INFO 192422 --- [SpringApplicationShutdownHook] e.d.e.t.s.r.InMemoryUserRepository       : user count:12
2024-03-25 03:49:51.624  INFO 196005 --- [main] edu.duke.ece651.team1.server.App         : Starting App using Java 17.0.10 on vcm-37154.vm.duke.edu with PID 196005 (/home/ht175/project-team-1/server/build/classes/java/main started by ht175 in /home/ht175/project-team-1/server)
2024-03-25 03:49:51.627  INFO 196005 --- [main] edu.duke.ece651.team1.server.App         : No active profile set, falling back to 1 default profile: "default"
2024-03-25 03:49:52.340  INFO 196005 --- [main] o.s.b.w.embedded.tomcat.TomcatWebServer  : Tomcat initialized with port(s): 8080 (http)
2024-03-25 03:49:52.348  INFO 196005 --- [main] o.apache.catalina.core.StandardService   : Starting service [Tomcat]
2024-03-25 03:49:52.349  INFO 196005 --- [main] org.apache.catalina.core.StandardEngine  : Starting Servlet engine: [Apache Tomcat/9.0.73]
2024-03-25 03:49:52.446  INFO 196005 --- [main] o.a.c.c.C.[Tomcat].[localhost].[/]       : Initializing Spring embedded WebApplicationContext
2024-03-25 03:49:52.446  INFO 196005 --- [main] w.s.c.ServletWebServerApplicationContext : Root WebApplicationContext: initialization completed in 774 ms
2024-03-25 03:49:52.866  INFO 196005 --- [main] e.d.e.t.s.r.InMemoryUserRepository       : hi restore user begin
2024-03-25 03:49:52.878  INFO 196005 --- [main] e.d.e.t.s.r.InMemoryUserRepository       : hi restore user: abcdf
2024-03-25 03:49:52.879  INFO 196005 --- [main] e.d.e.t.s.r.InMemoryUserRepository       : hi restore user: a
2024-03-25 03:49:52.879  INFO 196005 --- [main] e.d.e.t.s.r.InMemoryUserRepository       : hi restore user: ab
2024-03-25 03:49:52.879  INFO 196005 --- [main] e.d.e.t.s.r.InMemoryUserRepository       : hi restore user: b
2024-03-25 03:49:52.879  INFO 196005 --- [main] e.d.e.t.s.r.InMemoryUserRepository       : hi restore user: c
2024-03-25 03:49:52.880  INFO 196005 --- [main] e.d.e.t.s.r.InMemoryUserRepository       : hi restore user: abc
2024-03-25 03:49:52.880  INFO 196005 --- [main] e.d.e.t.s.r.InMemoryUserRepository       : hi restore user: duke
2024-03-25 03:49:52.880  INFO 196005 --- [main] e.d.e.t.s.r.InMemoryUserRepository       : hi restore user: yitiao,hi
2024-03-25 03:49:52.880  INFO 196005 --- [main] e.d.e.t.s.r.InMemoryUserRepository       : hi restore user: amzon
2024-03-25 03:49:52.880  INFO 196005 --- [main] e.d.e.t.s.r.InMemoryUserRepository       : hi restore user: main
2024-03-25 03:49:52.880  INFO 196005 --- [main] e.d.e.t.s.r.InMemoryUserRepository       : hi restore user: yitiao
2024-03-25 03:49:52.880  INFO 196005 --- [main] e.d.e.t.s.r.InMemoryUserRepository       : hi restore user: huidan
2024-03-25 03:49:52.884  INFO 196005 --- [main] e.d.e.t.s.controller.SecurityController  : add notification successful
2024-03-25 03:49:52.978 DEBUG 196005 --- [main] edFilterInvocationSecurityMetadataSource : Adding web access control expression [permitAll] for ExactUrl [processUrl='/api/login']
2024-03-25 03:49:52.991 DEBUG 196005 --- [main] edFilterInvocationSecurityMetadataSource : Adding web access control expression [permitAll] for ExactUrl [processUrl='/login']
2024-03-25 03:49:52.992 DEBUG 196005 --- [main] edFilterInvocationSecurityMetadataSource : Adding web access control expression [permitAll] for Ant [pattern='/']
2024-03-25 03:49:52.993 DEBUG 196005 --- [main] edFilterInvocationSecurityMetadataSource : Adding web access control expression [permitAll] for Ant [pattern='/api/signup']
2024-03-25 03:49:52.993 DEBUG 196005 --- [main] edFilterInvocationSecurityMetadataSource : Adding web access control expression [hasRole('ROLE_ADMIN')] for Ant [pattern='/admin/**']
2024-03-25 03:49:52.997 DEBUG 196005 --- [main] edFilterInvocationSecurityMetadataSource : Adding web access control expression [authenticated] for any request
2024-03-25 03:49:53.002  INFO 196005 --- [main] o.s.s.web.DefaultSecurityFilterChain     : Will secure any request with [org.springframework.security.web.session.DisableEncodeUrlFilter@47b11ec7, org.springframework.security.web.context.request.async.WebAsyncManagerIntegrationFilter@58fa5769, org.springframework.security.web.context.SecurityContextPersistenceFilter@2538bc06, org.springframework.security.web.header.HeaderWriterFilter@29fa6b65, org.springframework.security.web.authentication.logout.LogoutFilter@6cd64b3f, org.springframework.security.web.authentication.UsernamePasswordAuthenticationFilter@2dfb885e, org.springframework.security.web.authentication.ui.DefaultLoginPageGeneratingFilter@7d57dbb5, org.springframework.security.web.authentication.ui.DefaultLogoutPageGeneratingFilter@36aa52d2, org.springframework.security.web.savedrequest.RequestCacheAwareFilter@656922a0, org.springframework.security.web.servletapi.SecurityContextHolderAwareRequestFilter@44784e2f, org.springframework.security.web.authentication.AnonymousAuthenticationFilter@4ee25d80, org.springframework.security.web.session.SessionManagementFilter@47406941, org.springframework.security.web.access.ExceptionTranslationFilter@6504a875, org.springframework.security.web.access.intercept.FilterSecurityInterceptor@58015e56]
2024-03-25 03:49:53.274  INFO 196005 --- [main] o.s.b.w.embedded.tomcat.TomcatWebServer  : Tomcat started on port(s): 8080 (http) with context path ''
2024-03-25 03:49:53.284  INFO 196005 --- [main] edu.duke.ece651.team1.server.App         : Started App in 1.955 seconds (JVM running for 2.256)
2024-03-25 03:49:58.686  INFO 196005 --- [http-nio-8080-exec-1] o.a.c.c.C.[Tomcat].[localhost].[/]       : Initializing Spring DispatcherServlet 'dispatcherServlet'
2024-03-25 03:49:58.686  INFO 196005 --- [http-nio-8080-exec-1] o.s.web.servlet.DispatcherServlet        : Initializing Servlet 'dispatcherServlet'
2024-03-25 03:49:58.687  INFO 196005 --- [http-nio-8080-exec-1] o.s.web.servlet.DispatcherServlet        : Completed initialization in 1 ms
2024-03-25 03:49:58.693 DEBUG 196005 --- [http-nio-8080-exec-1] o.s.security.web.FilterChainProxy        : Securing GET /api/attendance/record-dates
2024-03-25 03:49:58.696 DEBUG 196005 --- [http-nio-8080-exec-1] s.s.w.c.SecurityContextPersistenceFilter : Set SecurityContextHolder to empty SecurityContext
2024-03-25 03:49:58.698 DEBUG 196005 --- [http-nio-8080-exec-1] o.s.s.w.a.AnonymousAuthenticationFilter  : Set SecurityContextHolder to anonymous SecurityContext
2024-03-25 03:49:58.698 DEBUG 196005 --- [http-nio-8080-exec-1] o.s.s.w.session.SessionManagementFilter  : Request requested invalid session id 008D4535010207B0CED040378BBE4C5B
2024-03-25 03:49:58.703 DEBUG 196005 --- [http-nio-8080-exec-1] o.s.s.w.a.i.FilterSecurityInterceptor    : Failed to authorize filter invocation [GET /api/attendance/record-dates] with attributes [authenticated]
2024-03-25 03:49:58.705 DEBUG 196005 --- [http-nio-8080-exec-1] o.s.s.web.DefaultRedirectStrategy        : Redirecting to http://vcm-37154.vm.duke.edu:8080/login
2024-03-25 03:49:58.706 DEBUG 196005 --- [http-nio-8080-exec-1] w.c.HttpSessionSecurityContextRepository : Did not store empty SecurityContext
2024-03-25 03:49:58.707 DEBUG 196005 --- [http-nio-8080-exec-1] w.c.HttpSessionSecurityContextRepository : Did not store empty SecurityContext
2024-03-25 03:49:58.708 DEBUG 196005 --- [http-nio-8080-exec-1] s.s.w.c.SecurityContextPersistenceFilter : Cleared SecurityContextHolder to complete request
2024-03-25 03:49:58.712 DEBUG 196005 --- [http-nio-8080-exec-2] o.s.security.web.FilterChainProxy        : Securing GET /login
2024-03-25 03:49:58.712 DEBUG 196005 --- [http-nio-8080-exec-2] s.s.w.c.SecurityContextPersistenceFilter : Set SecurityContextHolder to empty SecurityContext
2024-03-25 03:49:58.713 DEBUG 196005 --- [http-nio-8080-exec-2] w.c.HttpSessionSecurityContextRepository : Did not store empty SecurityContext
2024-03-25 03:49:58.714 DEBUG 196005 --- [http-nio-8080-exec-2] w.c.HttpSessionSecurityContextRepository : Did not store empty SecurityContext
2024-03-25 03:49:58.714 DEBUG 196005 --- [http-nio-8080-exec-2] s.s.w.c.SecurityContextPersistenceFilter : Cleared SecurityContextHolder to complete request
2024-03-25 03:50:06.636 DEBUG 196005 --- [http-nio-8080-exec-4] o.s.security.web.FilterChainProxy        : Securing GET /api/attendance/record-dates
2024-03-25 03:50:06.637 DEBUG 196005 --- [http-nio-8080-exec-4] s.s.w.c.SecurityContextPersistenceFilter : Set SecurityContextHolder to empty SecurityContext
2024-03-25 03:50:06.638 DEBUG 196005 --- [http-nio-8080-exec-4] o.s.s.w.a.AnonymousAuthenticationFilter  : Set SecurityContextHolder to anonymous SecurityContext
2024-03-25 03:50:06.638 DEBUG 196005 --- [http-nio-8080-exec-4] o.s.s.w.session.SessionManagementFilter  : Request requested invalid session id 008D4535010207B0CED040378BBE4C5B
2024-03-25 03:50:06.638 DEBUG 196005 --- [http-nio-8080-exec-4] o.s.s.w.a.i.FilterSecurityInterceptor    : Failed to authorize filter invocation [GET /api/attendance/record-dates] with attributes [authenticated]
2024-03-25 03:50:06.639 DEBUG 196005 --- [http-nio-8080-exec-4] o.s.s.web.DefaultRedirectStrategy        : Redirecting to http://vcm-37154.vm.duke.edu:8080/login
2024-03-25 03:50:06.639 DEBUG 196005 --- [http-nio-8080-exec-4] w.c.HttpSessionSecurityContextRepository : Did not store empty SecurityContext
2024-03-25 03:50:06.639 DEBUG 196005 --- [http-nio-8080-exec-4] w.c.HttpSessionSecurityContextRepository : Did not store empty SecurityContext
2024-03-25 03:50:06.639 DEBUG 196005 --- [http-nio-8080-exec-4] s.s.w.c.SecurityContextPersistenceFilter : Cleared SecurityContextHolder to complete request
2024-03-25 03:50:06.644 DEBUG 196005 --- [http-nio-8080-exec-4] o.s.security.web.FilterChainProxy        : Securing GET /login
2024-03-25 03:50:06.644 DEBUG 196005 --- [http-nio-8080-exec-4] s.s.w.c.SecurityContextPersistenceFilter : Set SecurityContextHolder to empty SecurityContext
2024-03-25 03:50:06.644 DEBUG 196005 --- [http-nio-8080-exec-4] w.c.HttpSessionSecurityContextRepository : Did not store empty SecurityContext
2024-03-25 03:50:06.644 DEBUG 196005 --- [http-nio-8080-exec-4] w.c.HttpSessionSecurityContextRepository : Did not store empty SecurityContext
2024-03-25 03:50:06.644 DEBUG 196005 --- [http-nio-8080-exec-4] s.s.w.c.SecurityContextPersistenceFilter : Cleared SecurityContextHolder to complete request
2024-03-25 03:50:17.382 DEBUG 196005 --- [http-nio-8080-exec-7] o.s.security.web.FilterChainProxy        : Securing POST /api/login
2024-03-25 03:50:17.382 DEBUG 196005 --- [http-nio-8080-exec-7] s.s.w.c.SecurityContextPersistenceFilter : Set SecurityContextHolder to empty SecurityContext
2024-03-25 03:50:17.576 DEBUG 196005 --- [http-nio-8080-exec-7] o.s.s.a.dao.DaoAuthenticationProvider    : Authenticated user
2024-03-25 03:50:17.578 DEBUG 196005 --- [http-nio-8080-exec-7] w.a.UsernamePasswordAuthenticationFilter : Set SecurityContextHolder to UsernamePasswordAuthenticationToken [Principal=org.springframework.security.core.userdetails.User [Username=duke, Password=[PROTECTED], Enabled=true, AccountNonExpired=true, credentialsNonExpired=true, AccountNonLocked=true, Granted Authorities=[ROLE_USER]], Credentials=[PROTECTED], Authenticated=true, Details=WebAuthenticationDetails [RemoteIpAddress=152.3.56.7, SessionId=null], Granted Authorities=[ROLE_USER]]
2024-03-25 03:50:17.584 DEBUG 196005 --- [http-nio-8080-exec-7] w.c.HttpSessionSecurityContextRepository : Created HttpSession as SecurityContext is non-default
2024-03-25 03:50:17.585 DEBUG 196005 --- [http-nio-8080-exec-7] w.c.HttpSessionSecurityContextRepository : Stored SecurityContextImpl [Authentication=UsernamePasswordAuthenticationToken [Principal=org.springframework.security.core.userdetails.User [Username=duke, Password=[PROTECTED], Enabled=true, AccountNonExpired=true, credentialsNonExpired=true, AccountNonLocked=true, Granted Authorities=[ROLE_USER]], Credentials=[PROTECTED], Authenticated=true, Details=WebAuthenticationDetails [RemoteIpAddress=152.3.56.7, SessionId=null], Granted Authorities=[ROLE_USER]]] to HttpSession [org.apache.catalina.session.StandardSessionFacade@43209881]
2024-03-25 03:50:17.585 DEBUG 196005 --- [http-nio-8080-exec-7] s.s.w.c.SecurityContextPersistenceFilter : Cleared SecurityContextHolder to complete request
2024-03-25 03:50:22.325 DEBUG 196005 --- [http-nio-8080-exec-6] o.s.security.web.FilterChainProxy        : Securing GET /api/attendance/record-dates
2024-03-25 03:50:22.325 DEBUG 196005 --- [http-nio-8080-exec-6] w.c.HttpSessionSecurityContextRepository : Retrieved SecurityContextImpl [Authentication=UsernamePasswordAuthenticationToken [Principal=org.springframework.security.core.userdetails.User [Username=duke, Password=[PROTECTED], Enabled=true, AccountNonExpired=true, credentialsNonExpired=true, AccountNonLocked=true, Granted Authorities=[ROLE_USER]], Credentials=[PROTECTED], Authenticated=true, Details=WebAuthenticationDetails [RemoteIpAddress=152.3.56.7, SessionId=null], Granted Authorities=[ROLE_USER]]]
2024-03-25 03:50:22.326 DEBUG 196005 --- [http-nio-8080-exec-6] s.s.w.c.SecurityContextPersistenceFilter : Set SecurityContextHolder to SecurityContextImpl [Authentication=UsernamePasswordAuthenticationToken [Principal=org.springframework.security.core.userdetails.User [Username=duke, Password=[PROTECTED], Enabled=true, AccountNonExpired=true, credentialsNonExpired=true, AccountNonLocked=true, Granted Authorities=[ROLE_USER]], Credentials=[PROTECTED], Authenticated=true, Details=WebAuthenticationDetails [RemoteIpAddress=152.3.56.7, SessionId=null], Granted Authorities=[ROLE_USER]]]
2024-03-25 03:50:22.326 DEBUG 196005 --- [http-nio-8080-exec-6] o.s.s.w.a.i.FilterSecurityInterceptor    : Authorized filter invocation [GET /api/attendance/record-dates] with attributes [authenticated]
2024-03-25 03:50:22.327 DEBUG 196005 --- [http-nio-8080-exec-6] o.s.security.web.FilterChainProxy        : Secured GET /api/attendance/record-dates
2024-03-25 03:50:22.359 DEBUG 196005 --- [http-nio-8080-exec-6] s.s.w.c.SecurityContextPersistenceFilter : Cleared SecurityContextHolder to complete request
2024-03-25 03:50:25.316 DEBUG 196005 --- [http-nio-8080-exec-8] o.s.security.web.FilterChainProxy        : Securing GET /api/attendance/record/2024-03-21
2024-03-25 03:50:25.317 DEBUG 196005 --- [http-nio-8080-exec-8] w.c.HttpSessionSecurityContextRepository : Retrieved SecurityContextImpl [Authentication=UsernamePasswordAuthenticationToken [Principal=org.springframework.security.core.userdetails.User [Username=duke, Password=[PROTECTED], Enabled=true, AccountNonExpired=true, credentialsNonExpired=true, AccountNonLocked=true, Granted Authorities=[ROLE_USER]], Credentials=[PROTECTED], Authenticated=true, Details=WebAuthenticationDetails [RemoteIpAddress=152.3.56.7, SessionId=null], Granted Authorities=[ROLE_USER]]]
2024-03-25 03:50:25.317 DEBUG 196005 --- [http-nio-8080-exec-8] s.s.w.c.SecurityContextPersistenceFilter : Set SecurityContextHolder to SecurityContextImpl [Authentication=UsernamePasswordAuthenticationToken [Principal=org.springframework.security.core.userdetails.User [Username=duke, Password=[PROTECTED], Enabled=true, AccountNonExpired=true, credentialsNonExpired=true, AccountNonLocked=true, Granted Authorities=[ROLE_USER]], Credentials=[PROTECTED], Authenticated=true, Details=WebAuthenticationDetails [RemoteIpAddress=152.3.56.7, SessionId=null], Granted Authorities=[ROLE_USER]]]
2024-03-25 03:50:25.317 DEBUG 196005 --- [http-nio-8080-exec-8] o.s.s.w.a.i.FilterSecurityInterceptor    : Authorized filter invocation [GET /api/attendance/record/2024-03-21] with attributes [authenticated]
2024-03-25 03:50:25.317 DEBUG 196005 --- [http-nio-8080-exec-8] o.s.security.web.FilterChainProxy        : Secured GET /api/attendance/record/2024-03-21
2024-03-25 03:50:25.351 DEBUG 196005 --- [http-nio-8080-exec-8] s.s.w.c.SecurityContextPersistenceFilter : Cleared SecurityContextHolder to complete request
2024-03-25 03:50:36.317 DEBUG 196005 --- [http-nio-8080-exec-10] o.s.security.web.FilterChainProxy        : Securing POST /api/attendance/modification/2024-03-21
2024-03-25 03:50:36.318 DEBUG 196005 --- [http-nio-8080-exec-10] w.c.HttpSessionSecurityContextRepository : Retrieved SecurityContextImpl [Authentication=UsernamePasswordAuthenticationToken [Principal=org.springframework.security.core.userdetails.User [Username=duke, Password=[PROTECTED], Enabled=true, AccountNonExpired=true, credentialsNonExpired=true, AccountNonLocked=true, Granted Authorities=[ROLE_USER]], Credentials=[PROTECTED], Authenticated=true, Details=WebAuthenticationDetails [RemoteIpAddress=152.3.56.7, SessionId=null], Granted Authorities=[ROLE_USER]]]
2024-03-25 03:50:36.318 DEBUG 196005 --- [http-nio-8080-exec-10] s.s.w.c.SecurityContextPersistenceFilter : Set SecurityContextHolder to SecurityContextImpl [Authentication=UsernamePasswordAuthenticationToken [Principal=org.springframework.security.core.userdetails.User [Username=duke, Password=[PROTECTED], Enabled=true, AccountNonExpired=true, credentialsNonExpired=true, AccountNonLocked=true, Granted Authorities=[ROLE_USER]], Credentials=[PROTECTED], Authenticated=true, Details=WebAuthenticationDetails [RemoteIpAddress=152.3.56.7, SessionId=null], Granted Authorities=[ROLE_USER]]]
2024-03-25 03:50:36.318 DEBUG 196005 --- [http-nio-8080-exec-10] o.s.s.w.a.i.FilterSecurityInterceptor    : Authorized filter invocation [POST /api/attendance/modification/2024-03-21] with attributes [authenticated]
2024-03-25 03:50:36.318 DEBUG 196005 --- [http-nio-8080-exec-10] o.s.security.web.FilterChainProxy        : Secured POST /api/attendance/modification/2024-03-21
2024-03-25 03:50:36.324  INFO 196005 --- [http-nio-8080-exec-10] e.d.e.t.s.controller.SecurityController  : modify begin
2024-03-25 03:50:36.324  INFO 196005 --- [http-nio-8080-exec-10] e.d.e.t.s.controller.SecurityController  : modify inside
2024-03-25 03:50:36.328 DEBUG 196005 --- [http-nio-8080-exec-10] s.s.w.c.SecurityContextPersistenceFilter : Cleared SecurityContextHolder to complete request
2024-03-25 03:51:31.338  INFO 196005 --- [SpringApplicationShutdownHook] e.d.e.t.s.r.InMemoryUserRepository       : user count:12
2024-03-25 03:51:33.860  INFO 197615 --- [main] edu.duke.ece651.team1.server.App         : Starting App using Java 17.0.10 on vcm-37154.vm.duke.edu with PID 197615 (/home/ht175/project-team-1/server/build/classes/java/main started by ht175 in /home/ht175/project-team-1/server)
2024-03-25 03:51:33.865  INFO 197615 --- [main] edu.duke.ece651.team1.server.App         : No active profile set, falling back to 1 default profile: "default"
2024-03-25 03:51:34.630  INFO 197615 --- [main] o.s.b.w.embedded.tomcat.TomcatWebServer  : Tomcat initialized with port(s): 8080 (http)
2024-03-25 03:51:34.638  INFO 197615 --- [main] o.apache.catalina.core.StandardService   : Starting service [Tomcat]
2024-03-25 03:51:34.639  INFO 197615 --- [main] org.apache.catalina.core.StandardEngine  : Starting Servlet engine: [Apache Tomcat/9.0.73]
2024-03-25 03:51:34.732  INFO 197615 --- [main] o.a.c.c.C.[Tomcat].[localhost].[/]       : Initializing Spring embedded WebApplicationContext
2024-03-25 03:51:34.733  INFO 197615 --- [main] w.s.c.ServletWebServerApplicationContext : Root WebApplicationContext: initialization completed in 802 ms
2024-03-25 03:51:35.166  INFO 197615 --- [main] e.d.e.t.s.r.InMemoryUserRepository       : hi restore user begin
2024-03-25 03:51:35.180  INFO 197615 --- [main] e.d.e.t.s.r.InMemoryUserRepository       : hi restore user: abcdf
2024-03-25 03:51:35.180  INFO 197615 --- [main] e.d.e.t.s.r.InMemoryUserRepository       : hi restore user: a
2024-03-25 03:51:35.180  INFO 197615 --- [main] e.d.e.t.s.r.InMemoryUserRepository       : hi restore user: ab
2024-03-25 03:51:35.180  INFO 197615 --- [main] e.d.e.t.s.r.InMemoryUserRepository       : hi restore user: b
2024-03-25 03:51:35.181  INFO 197615 --- [main] e.d.e.t.s.r.InMemoryUserRepository       : hi restore user: c
2024-03-25 03:51:35.181  INFO 197615 --- [main] e.d.e.t.s.r.InMemoryUserRepository       : hi restore user: abc
2024-03-25 03:51:35.182  INFO 197615 --- [main] e.d.e.t.s.r.InMemoryUserRepository       : hi restore user: duke
2024-03-25 03:51:35.182  INFO 197615 --- [main] e.d.e.t.s.r.InMemoryUserRepository       : hi restore user: yitiao,hi
2024-03-25 03:51:35.182  INFO 197615 --- [main] e.d.e.t.s.r.InMemoryUserRepository       : hi restore user: amzon
2024-03-25 03:51:35.183  INFO 197615 --- [main] e.d.e.t.s.r.InMemoryUserRepository       : hi restore user: main
2024-03-25 03:51:35.183  INFO 197615 --- [main] e.d.e.t.s.r.InMemoryUserRepository       : hi restore user: yitiao
2024-03-25 03:51:35.183  INFO 197615 --- [main] e.d.e.t.s.r.InMemoryUserRepository       : hi restore user: huidan
2024-03-25 03:51:35.186  INFO 197615 --- [main] e.d.e.t.s.controller.SecurityController  : add notification successful
2024-03-25 03:51:35.303 DEBUG 197615 --- [main] edFilterInvocationSecurityMetadataSource : Adding web access control expression [permitAll] for ExactUrl [processUrl='/api/login']
2024-03-25 03:51:35.317 DEBUG 197615 --- [main] edFilterInvocationSecurityMetadataSource : Adding web access control expression [permitAll] for ExactUrl [processUrl='/login']
2024-03-25 03:51:35.318 DEBUG 197615 --- [main] edFilterInvocationSecurityMetadataSource : Adding web access control expression [permitAll] for Ant [pattern='/']
2024-03-25 03:51:35.318 DEBUG 197615 --- [main] edFilterInvocationSecurityMetadataSource : Adding web access control expression [permitAll] for Ant [pattern='/api/signup']
2024-03-25 03:51:35.319 DEBUG 197615 --- [main] edFilterInvocationSecurityMetadataSource : Adding web access control expression [hasRole('ROLE_ADMIN')] for Ant [pattern='/admin/**']
2024-03-25 03:51:35.320 DEBUG 197615 --- [main] edFilterInvocationSecurityMetadataSource : Adding web access control expression [authenticated] for any request
2024-03-25 03:51:35.325  INFO 197615 --- [main] o.s.s.web.DefaultSecurityFilterChain     : Will secure any request with [org.springframework.security.web.session.DisableEncodeUrlFilter@43bf5397, org.springframework.security.web.context.request.async.WebAsyncManagerIntegrationFilter@575e572f, org.springframework.security.web.context.SecurityContextPersistenceFilter@433c6abb, org.springframework.security.web.header.HeaderWriterFilter@12bbfc54, org.springframework.security.web.authentication.logout.LogoutFilter@490c7a83, org.springframework.security.web.authentication.UsernamePasswordAuthenticationFilter@68ed3f30, org.springframework.security.web.authentication.ui.DefaultLoginPageGeneratingFilter@47406941, org.springframework.security.web.authentication.ui.DefaultLogoutPageGeneratingFilter@58015e56, org.springframework.security.web.savedrequest.RequestCacheAwareFilter@a22c4d8, org.springframework.security.web.servletapi.SecurityContextHolderAwareRequestFilter@45cd7bc5, org.springframework.security.web.authentication.AnonymousAuthenticationFilter@4d3c6593, org.springframework.security.web.session.SessionManagementFilter@59b65dce, org.springframework.security.web.access.ExceptionTranslationFilter@58a2b917, org.springframework.security.web.access.intercept.FilterSecurityInterceptor@6419a0e1]
2024-03-25 03:51:35.631  INFO 197615 --- [main] o.s.b.w.embedded.tomcat.TomcatWebServer  : Tomcat started on port(s): 8080 (http) with context path ''
2024-03-25 03:51:35.643  INFO 197615 --- [main] edu.duke.ece651.team1.server.App         : Started App in 2.164 seconds (JVM running for 2.493)
2024-03-25 03:51:40.357  INFO 197615 --- [http-nio-8080-exec-1] o.a.c.c.C.[Tomcat].[localhost].[/]       : Initializing Spring DispatcherServlet 'dispatcherServlet'
2024-03-25 03:51:40.357  INFO 197615 --- [http-nio-8080-exec-1] o.s.web.servlet.DispatcherServlet        : Initializing Servlet 'dispatcherServlet'
2024-03-25 03:51:40.358  INFO 197615 --- [http-nio-8080-exec-1] o.s.web.servlet.DispatcherServlet        : Completed initialization in 1 ms
2024-03-25 03:51:40.364 DEBUG 197615 --- [http-nio-8080-exec-1] o.s.security.web.FilterChainProxy        : Securing POST /api/login
2024-03-25 03:51:40.367 DEBUG 197615 --- [http-nio-8080-exec-1] s.s.w.c.SecurityContextPersistenceFilter : Set SecurityContextHolder to empty SecurityContext
2024-03-25 03:51:40.547 DEBUG 197615 --- [http-nio-8080-exec-1] o.s.s.a.dao.DaoAuthenticationProvider    : Authenticated user
2024-03-25 03:51:40.548 DEBUG 197615 --- [http-nio-8080-exec-1] w.a.UsernamePasswordAuthenticationFilter : Set SecurityContextHolder to UsernamePasswordAuthenticationToken [Principal=org.springframework.security.core.userdetails.User [Username=duke, Password=[PROTECTED], Enabled=true, AccountNonExpired=true, credentialsNonExpired=true, AccountNonLocked=true, Granted Authorities=[ROLE_USER]], Credentials=[PROTECTED], Authenticated=true, Details=WebAuthenticationDetails [RemoteIpAddress=152.3.56.7, SessionId=null], Granted Authorities=[ROLE_USER]]
2024-03-25 03:51:40.556 DEBUG 197615 --- [http-nio-8080-exec-1] w.c.HttpSessionSecurityContextRepository : Created HttpSession as SecurityContext is non-default
2024-03-25 03:51:40.556 DEBUG 197615 --- [http-nio-8080-exec-1] w.c.HttpSessionSecurityContextRepository : Stored SecurityContextImpl [Authentication=UsernamePasswordAuthenticationToken [Principal=org.springframework.security.core.userdetails.User [Username=duke, Password=[PROTECTED], Enabled=true, AccountNonExpired=true, credentialsNonExpired=true, AccountNonLocked=true, Granted Authorities=[ROLE_USER]], Credentials=[PROTECTED], Authenticated=true, Details=WebAuthenticationDetails [RemoteIpAddress=152.3.56.7, SessionId=null], Granted Authorities=[ROLE_USER]]] to HttpSession [org.apache.catalina.session.StandardSessionFacade@76189f4]
2024-03-25 03:51:40.556 DEBUG 197615 --- [http-nio-8080-exec-1] s.s.w.c.SecurityContextPersistenceFilter : Cleared SecurityContextHolder to complete request
2024-03-25 03:51:46.284 DEBUG 197615 --- [http-nio-8080-exec-2] o.s.security.web.FilterChainProxy        : Securing GET /api/attendance/record-dates
2024-03-25 03:51:46.285 DEBUG 197615 --- [http-nio-8080-exec-2] w.c.HttpSessionSecurityContextRepository : Retrieved SecurityContextImpl [Authentication=UsernamePasswordAuthenticationToken [Principal=org.springframework.security.core.userdetails.User [Username=duke, Password=[PROTECTED], Enabled=true, AccountNonExpired=true, credentialsNonExpired=true, AccountNonLocked=true, Granted Authorities=[ROLE_USER]], Credentials=[PROTECTED], Authenticated=true, Details=WebAuthenticationDetails [RemoteIpAddress=152.3.56.7, SessionId=null], Granted Authorities=[ROLE_USER]]]
2024-03-25 03:51:46.286 DEBUG 197615 --- [http-nio-8080-exec-2] s.s.w.c.SecurityContextPersistenceFilter : Set SecurityContextHolder to SecurityContextImpl [Authentication=UsernamePasswordAuthenticationToken [Principal=org.springframework.security.core.userdetails.User [Username=duke, Password=[PROTECTED], Enabled=true, AccountNonExpired=true, credentialsNonExpired=true, AccountNonLocked=true, Granted Authorities=[ROLE_USER]], Credentials=[PROTECTED], Authenticated=true, Details=WebAuthenticationDetails [RemoteIpAddress=152.3.56.7, SessionId=null], Granted Authorities=[ROLE_USER]]]
2024-03-25 03:51:46.291 DEBUG 197615 --- [http-nio-8080-exec-2] o.s.s.w.a.i.FilterSecurityInterceptor    : Authorized filter invocation [GET /api/attendance/record-dates] with attributes [authenticated]
2024-03-25 03:51:46.292 DEBUG 197615 --- [http-nio-8080-exec-2] o.s.security.web.FilterChainProxy        : Secured GET /api/attendance/record-dates
2024-03-25 03:51:46.326 DEBUG 197615 --- [http-nio-8080-exec-2] s.s.w.c.SecurityContextPersistenceFilter : Cleared SecurityContextHolder to complete request
2024-03-25 03:51:49.275 DEBUG 197615 --- [http-nio-8080-exec-3] o.s.security.web.FilterChainProxy        : Securing GET /api/attendance/record/2024-03-25
2024-03-25 03:51:49.276 DEBUG 197615 --- [http-nio-8080-exec-3] w.c.HttpSessionSecurityContextRepository : Retrieved SecurityContextImpl [Authentication=UsernamePasswordAuthenticationToken [Principal=org.springframework.security.core.userdetails.User [Username=duke, Password=[PROTECTED], Enabled=true, AccountNonExpired=true, credentialsNonExpired=true, AccountNonLocked=true, Granted Authorities=[ROLE_USER]], Credentials=[PROTECTED], Authenticated=true, Details=WebAuthenticationDetails [RemoteIpAddress=152.3.56.7, SessionId=null], Granted Authorities=[ROLE_USER]]]
2024-03-25 03:51:49.276 DEBUG 197615 --- [http-nio-8080-exec-3] s.s.w.c.SecurityContextPersistenceFilter : Set SecurityContextHolder to SecurityContextImpl [Authentication=UsernamePasswordAuthenticationToken [Principal=org.springframework.security.core.userdetails.User [Username=duke, Password=[PROTECTED], Enabled=true, AccountNonExpired=true, credentialsNonExpired=true, AccountNonLocked=true, Granted Authorities=[ROLE_USER]], Credentials=[PROTECTED], Authenticated=true, Details=WebAuthenticationDetails [RemoteIpAddress=152.3.56.7, SessionId=null], Granted Authorities=[ROLE_USER]]]
2024-03-25 03:51:49.276 DEBUG 197615 --- [http-nio-8080-exec-3] o.s.s.w.a.i.FilterSecurityInterceptor    : Authorized filter invocation [GET /api/attendance/record/2024-03-25] with attributes [authenticated]
2024-03-25 03:51:49.276 DEBUG 197615 --- [http-nio-8080-exec-3] o.s.security.web.FilterChainProxy        : Secured GET /api/attendance/record/2024-03-25
2024-03-25 03:51:49.296 DEBUG 197615 --- [http-nio-8080-exec-3] s.s.w.c.SecurityContextPersistenceFilter : Cleared SecurityContextHolder to complete request
2024-03-25 03:51:55.277 DEBUG 197615 --- [http-nio-8080-exec-4] o.s.security.web.FilterChainProxy        : Securing POST /api/attendance/modification/2024-03-25
2024-03-25 03:51:55.278 DEBUG 197615 --- [http-nio-8080-exec-4] w.c.HttpSessionSecurityContextRepository : Retrieved SecurityContextImpl [Authentication=UsernamePasswordAuthenticationToken [Principal=org.springframework.security.core.userdetails.User [Username=duke, Password=[PROTECTED], Enabled=true, AccountNonExpired=true, credentialsNonExpired=true, AccountNonLocked=true, Granted Authorities=[ROLE_USER]], Credentials=[PROTECTED], Authenticated=true, Details=WebAuthenticationDetails [RemoteIpAddress=152.3.56.7, SessionId=null], Granted Authorities=[ROLE_USER]]]
2024-03-25 03:51:55.278 DEBUG 197615 --- [http-nio-8080-exec-4] s.s.w.c.SecurityContextPersistenceFilter : Set SecurityContextHolder to SecurityContextImpl [Authentication=UsernamePasswordAuthenticationToken [Principal=org.springframework.security.core.userdetails.User [Username=duke, Password=[PROTECTED], Enabled=true, AccountNonExpired=true, credentialsNonExpired=true, AccountNonLocked=true, Granted Authorities=[ROLE_USER]], Credentials=[PROTECTED], Authenticated=true, Details=WebAuthenticationDetails [RemoteIpAddress=152.3.56.7, SessionId=null], Granted Authorities=[ROLE_USER]]]
2024-03-25 03:51:55.279 DEBUG 197615 --- [http-nio-8080-exec-4] o.s.s.w.a.i.FilterSecurityInterceptor    : Authorized filter invocation [POST /api/attendance/modification/2024-03-25] with attributes [authenticated]
2024-03-25 03:51:55.279 DEBUG 197615 --- [http-nio-8080-exec-4] o.s.security.web.FilterChainProxy        : Secured POST /api/attendance/modification/2024-03-25
2024-03-25 03:51:55.292  INFO 197615 --- [http-nio-8080-exec-4] e.d.e.t.s.controller.SecurityController  : modify begin
2024-03-25 03:51:55.293  INFO 197615 --- [http-nio-8080-exec-4] e.d.e.t.s.controller.SecurityController  : modify inside
2024-03-25 03:51:56.253  INFO 197615 --- [http-nio-8080-exec-4] e.d.e.t.s.controller.SecurityController  : success modify and send email
2024-03-25 03:51:56.258 DEBUG 197615 --- [http-nio-8080-exec-4] s.s.w.c.SecurityContextPersistenceFilter : Cleared SecurityContextHolder to complete request
