2024-03-19 23:15:45.845  INFO 115326 --- [main] edu.duke.ece651.team1.server.App         : Starting App using Java 17.0.10 on vcm-37154.vm.duke.edu with PID 115326 (/home/ht175/project-team-1/server/build/classes/java/main started by ht175 in /home/ht175/project-team-1/server)
2024-03-19 23:15:45.848  INFO 115326 --- [main] edu.duke.ece651.team1.server.App         : No active profile set, falling back to 1 default profile: "default"
2024-03-19 23:15:46.833  INFO 115326 --- [main] o.s.b.w.embedded.tomcat.TomcatWebServer  : Tomcat initialized with port(s): 8080 (http)
2024-03-19 23:15:46.855  INFO 115326 --- [main] o.apache.catalina.core.StandardService   : Starting service [Tomcat]
2024-03-19 23:15:46.855  INFO 115326 --- [main] org.apache.catalina.core.StandardEngine  : Starting Servlet engine: [Apache Tomcat/9.0.73]
2024-03-19 23:15:46.934  INFO 115326 --- [main] o.a.c.c.C.[Tomcat].[localhost].[/]       : Initializing Spring embedded WebApplicationContext
2024-03-19 23:15:46.934  INFO 115326 --- [main] w.s.c.ServletWebServerApplicationContext : Root WebApplicationContext: initialization completed in 1023 ms
2024-03-19 23:15:47.104  INFO 115326 --- [main] e.d.e.t.s.r.InMemoryUserRepository       : hi restore user begin
2024-03-19 23:15:47.218 DEBUG 115326 --- [main] edFilterInvocationSecurityMetadataSource : Adding web access control expression [permitAll] for ExactUrl [processUrl='/login?error']
2024-03-19 23:15:47.237 DEBUG 115326 --- [main] edFilterInvocationSecurityMetadataSource : Adding web access control expression [permitAll] for ExactUrl [processUrl='/login']
2024-03-19 23:15:47.237 DEBUG 115326 --- [main] edFilterInvocationSecurityMetadataSource : Adding web access control expression [permitAll] for ExactUrl [processUrl='/login']
2024-03-19 23:15:47.238 DEBUG 115326 --- [main] edFilterInvocationSecurityMetadataSource : Adding web access control expression [permitAll] for Ant [pattern='/']
2024-03-19 23:15:47.238 DEBUG 115326 --- [main] edFilterInvocationSecurityMetadataSource : Adding web access control expression [permitAll] for Ant [pattern='/api/signup']
2024-03-19 23:15:47.239 DEBUG 115326 --- [main] edFilterInvocationSecurityMetadataSource : Adding web access control expression [hasRole('ROLE_ADMIN')] for Ant [pattern='/admin/**']
2024-03-19 23:15:47.240 DEBUG 115326 --- [main] edFilterInvocationSecurityMetadataSource : Adding web access control expression [authenticated] for any request
2024-03-19 23:15:47.246  INFO 115326 --- [main] o.s.s.web.DefaultSecurityFilterChain     : Will secure any request with [org.springframework.security.web.session.DisableEncodeUrlFilter@5f2bd6d9, org.springframework.security.web.context.request.async.WebAsyncManagerIntegrationFilter@7c847072, org.springframework.security.web.context.SecurityContextPersistenceFilter@16727bf0, org.springframework.security.web.header.HeaderWriterFilter@3bd2af5b, org.springframework.security.web.authentication.logout.LogoutFilter@6ad16c5d, org.springframework.security.web.authentication.UsernamePasswordAuthenticationFilter@44b29496, org.springframework.security.web.authentication.ui.DefaultLoginPageGeneratingFilter@4dba773d, org.springframework.security.web.authentication.ui.DefaultLogoutPageGeneratingFilter@43d9f1a2, org.springframework.security.web.savedrequest.RequestCacheAwareFilter@291373d3, org.springframework.security.web.servletapi.SecurityContextHolderAwareRequestFilter@372ca2d6, org.springframework.security.web.authentication.AnonymousAuthenticationFilter@23f86d8a, org.springframework.security.web.session.SessionManagementFilter@75d982d3, org.springframework.security.web.access.ExceptionTranslationFilter@25aeb5ac, org.springframework.security.web.access.intercept.FilterSecurityInterceptor@70e94ecb]
2024-03-19 23:15:47.526  INFO 115326 --- [main] o.s.b.w.embedded.tomcat.TomcatWebServer  : Tomcat started on port(s): 8080 (http) with context path ''
2024-03-19 23:15:47.536  INFO 115326 --- [main] edu.duke.ece651.team1.server.App         : Started App in 2.123 seconds (JVM running for 2.603)
2024-03-19 23:16:59.141  INFO 116013 --- [main] edu.duke.ece651.team1.server.App         : Starting App using Java 17.0.10 on vcm-37154.vm.duke.edu with PID 116013 (/home/ht175/project-team-1/server/build/classes/java/main started by ht175 in /home/ht175/project-team-1/server)
2024-03-19 23:16:59.144  INFO 116013 --- [main] edu.duke.ece651.team1.server.App         : No active profile set, falling back to 1 default profile: "default"
2024-03-19 23:16:59.863  INFO 116013 --- [main] o.s.b.w.embedded.tomcat.TomcatWebServer  : Tomcat initialized with port(s): 8080 (http)
2024-03-19 23:16:59.871  INFO 116013 --- [main] o.apache.catalina.core.StandardService   : Starting service [Tomcat]
2024-03-19 23:16:59.871  INFO 116013 --- [main] org.apache.catalina.core.StandardEngine  : Starting Servlet engine: [Apache Tomcat/9.0.73]
2024-03-19 23:16:59.964  INFO 116013 --- [main] o.a.c.c.C.[Tomcat].[localhost].[/]       : Initializing Spring embedded WebApplicationContext
2024-03-19 23:16:59.964  INFO 116013 --- [main] w.s.c.ServletWebServerApplicationContext : Root WebApplicationContext: initialization completed in 771 ms
2024-03-19 23:17:00.160  INFO 116013 --- [main] e.d.e.t.s.r.InMemoryUserRepository       : hi restore user begin
2024-03-19 23:17:00.310  INFO 116013 --- [main] o.s.s.web.DefaultSecurityFilterChain     : Will secure any request with [org.springframework.security.web.session.DisableEncodeUrlFilter@620c8641, org.springframework.security.web.context.request.async.WebAsyncManagerIntegrationFilter@2f1d0bbc, org.springframework.security.web.context.SecurityContextPersistenceFilter@21079a12, org.springframework.security.web.header.HeaderWriterFilter@288ca5f0, org.springframework.security.web.authentication.logout.LogoutFilter@e9ef5b6, org.springframework.security.web.authentication.UsernamePasswordAuthenticationFilter@625d9132, org.springframework.security.web.authentication.ui.DefaultLoginPageGeneratingFilter@46185a1b, org.springframework.security.web.authentication.ui.DefaultLogoutPageGeneratingFilter@5460b754, org.springframework.security.web.savedrequest.RequestCacheAwareFilter@67c5ac52, org.springframework.security.web.servletapi.SecurityContextHolderAwareRequestFilter@36417a54, org.springframework.security.web.authentication.AnonymousAuthenticationFilter@a9f023e, org.springframework.security.web.session.SessionManagementFilter@44bd4b0a, org.springframework.security.web.access.ExceptionTranslationFilter@26844abb, org.springframework.security.web.access.intercept.FilterSecurityInterceptor@654c7d2d]
2024-03-19 23:17:00.646  INFO 116013 --- [main] o.s.b.w.embedded.tomcat.TomcatWebServer  : Tomcat started on port(s): 8080 (http) with context path ''
2024-03-19 23:17:00.655  INFO 116013 --- [main] edu.duke.ece651.team1.server.App         : Started App in 1.827 seconds (JVM running for 2.109)
