2024-03-27 19:41:38.759  INFO 46044 --- [main] edu.duke.ece651.team1.server.App         : Starting App using Java 17.0.10 on vcm-37154.vm.duke.edu with PID 46044 (/home/ht175/project-team-1/server/build/classes/java/main started by ht175 in /home/ht175/project-team-1)
2024-03-27 19:41:38.778  INFO 46044 --- [main] edu.duke.ece651.team1.server.App         : No active profile set, falling back to 1 default profile: "default"
2024-03-27 19:41:39.866  INFO 46044 --- [main] ptablePropertiesBeanFactoryPostProcessor : Post-processing PropertySource instances
2024-03-27 19:41:39.873  INFO 46044 --- [main] c.u.j.EncryptablePropertySourceConverter : Skipping PropertySource configurationProperties [class org.springframework.boot.context.properties.source.ConfigurationPropertySourcesPropertySource
2024-03-27 19:41:39.874  INFO 46044 --- [main] c.u.j.EncryptablePropertySourceConverter : Skipping PropertySource servletConfigInitParams [class org.springframework.core.env.PropertySource$StubPropertySource
2024-03-27 19:41:39.875  INFO 46044 --- [main] c.u.j.EncryptablePropertySourceConverter : Skipping PropertySource servletContextInitParams [class org.springframework.core.env.PropertySource$StubPropertySource
2024-03-27 19:41:39.877  INFO 46044 --- [main] c.u.j.EncryptablePropertySourceConverter : Converting PropertySource systemProperties [org.springframework.core.env.PropertiesPropertySource] to EncryptableMapPropertySourceWrapper
2024-03-27 19:41:39.878  INFO 46044 --- [main] c.u.j.EncryptablePropertySourceConverter : Converting PropertySource systemEnvironment [org.springframework.boot.env.SystemEnvironmentPropertySourceEnvironmentPostProcessor$OriginAwareSystemEnvironmentPropertySource] to EncryptableSystemEnvironmentPropertySourceWrapper
2024-03-27 19:41:39.889  INFO 46044 --- [main] c.u.j.EncryptablePropertySourceConverter : Converting PropertySource random [org.springframework.boot.env.RandomValuePropertySource] to EncryptablePropertySourceWrapper
2024-03-27 19:41:39.890  INFO 46044 --- [main] c.u.j.EncryptablePropertySourceConverter : Converting PropertySource Config resource 'class path resource [application.properties]' via location 'optional:classpath:/' [org.springframework.boot.env.OriginTrackedMapPropertySource] to EncryptableMapPropertySourceWrapper
2024-03-27 19:41:40.223  INFO 46044 --- [main] o.s.b.w.embedded.tomcat.TomcatWebServer  : Tomcat initialized with port(s): 8080 (http)
2024-03-27 19:41:40.236  INFO 46044 --- [main] o.apache.catalina.core.StandardService   : Starting service [Tomcat]
2024-03-27 19:41:40.237  INFO 46044 --- [main] org.apache.catalina.core.StandardEngine  : Starting Servlet engine: [Apache Tomcat/9.0.73]
2024-03-27 19:41:40.353  INFO 46044 --- [main] o.a.c.c.C.[Tomcat].[localhost].[/]       : Initializing Spring embedded WebApplicationContext
2024-03-27 19:41:40.354  INFO 46044 --- [main] w.s.c.ServletWebServerApplicationContext : Root WebApplicationContext: initialization completed in 1444 ms
2024-03-27 19:41:40.436  INFO 46044 --- [main] c.u.j.filter.DefaultLazyPropertyFilter   : Property Filter custom Bean not found with name 'encryptablePropertyFilter'. Initializing Default Property Filter
2024-03-27 19:41:40.460  INFO 46044 --- [main] c.u.j.r.DefaultLazyPropertyResolver      : Property Resolver custom Bean not found with name 'encryptablePropertyResolver'. Initializing Default Property Resolver
2024-03-27 19:41:40.462  INFO 46044 --- [main] c.u.j.d.DefaultLazyPropertyDetector      : Property Detector custom Bean not found with name 'encryptablePropertyDetector'. Initializing Default Property Detector
2024-03-27 19:41:57.529  INFO 46311 --- [main] edu.duke.ece651.team1.server.App         : Starting App using Java 17.0.10 on vcm-37154.vm.duke.edu with PID 46311 (/home/ht175/project-team-1/server/build/classes/java/main started by ht175 in /home/ht175/project-team-1)
2024-03-27 19:41:57.531  INFO 46311 --- [main] edu.duke.ece651.team1.server.App         : No active profile set, falling back to 1 default profile: "default"
2024-03-27 19:41:58.530  INFO 46311 --- [main] ptablePropertiesBeanFactoryPostProcessor : Post-processing PropertySource instances
2024-03-27 19:41:58.533  INFO 46311 --- [main] c.u.j.EncryptablePropertySourceConverter : Skipping PropertySource configurationProperties [class org.springframework.boot.context.properties.source.ConfigurationPropertySourcesPropertySource
2024-03-27 19:41:58.536  INFO 46311 --- [main] c.u.j.EncryptablePropertySourceConverter : Skipping PropertySource servletConfigInitParams [class org.springframework.core.env.PropertySource$StubPropertySource
2024-03-27 19:41:58.537  INFO 46311 --- [main] c.u.j.EncryptablePropertySourceConverter : Skipping PropertySource servletContextInitParams [class org.springframework.core.env.PropertySource$StubPropertySource
2024-03-27 19:41:58.539  INFO 46311 --- [main] c.u.j.EncryptablePropertySourceConverter : Converting PropertySource systemProperties [org.springframework.core.env.PropertiesPropertySource] to EncryptableMapPropertySourceWrapper
2024-03-27 19:41:58.540  INFO 46311 --- [main] c.u.j.EncryptablePropertySourceConverter : Converting PropertySource systemEnvironment [org.springframework.boot.env.SystemEnvironmentPropertySourceEnvironmentPostProcessor$OriginAwareSystemEnvironmentPropertySource] to EncryptableSystemEnvironmentPropertySourceWrapper
2024-03-27 19:41:58.540  INFO 46311 --- [main] c.u.j.EncryptablePropertySourceConverter : Converting PropertySource random [org.springframework.boot.env.RandomValuePropertySource] to EncryptablePropertySourceWrapper
2024-03-27 19:41:58.541  INFO 46311 --- [main] c.u.j.EncryptablePropertySourceConverter : Converting PropertySource Config resource 'class path resource [application.properties]' via location 'optional:classpath:/' [org.springframework.boot.env.OriginTrackedMapPropertySource] to EncryptableMapPropertySourceWrapper
2024-03-27 19:41:58.997  INFO 46311 --- [main] o.s.b.w.embedded.tomcat.TomcatWebServer  : Tomcat initialized with port(s): 8080 (http)
2024-03-27 19:41:59.010  INFO 46311 --- [main] o.apache.catalina.core.StandardService   : Starting service [Tomcat]
2024-03-27 19:41:59.012  INFO 46311 --- [main] org.apache.catalina.core.StandardEngine  : Starting Servlet engine: [Apache Tomcat/9.0.73]
2024-03-27 19:41:59.122  INFO 46311 --- [main] o.a.c.c.C.[Tomcat].[localhost].[/]       : Initializing Spring embedded WebApplicationContext
2024-03-27 19:41:59.123  INFO 46311 --- [main] w.s.c.ServletWebServerApplicationContext : Root WebApplicationContext: initialization completed in 1488 ms
2024-03-27 19:41:59.197  INFO 46311 --- [main] c.u.j.filter.DefaultLazyPropertyFilter   : Property Filter custom Bean not found with name 'encryptablePropertyFilter'. Initializing Default Property Filter
2024-03-27 19:41:59.219  INFO 46311 --- [main] c.u.j.r.DefaultLazyPropertyResolver      : Property Resolver custom Bean not found with name 'encryptablePropertyResolver'. Initializing Default Property Resolver
2024-03-27 19:41:59.221  INFO 46311 --- [main] c.u.j.d.DefaultLazyPropertyDetector      : Property Detector custom Bean not found with name 'encryptablePropertyDetector'. Initializing Default Property Detector
